TN:
SF:src/app.controller.specc.ts
FN:5,(anonymous_0)
FN:8,(anonymous_1)
FNF:2
FNH:0
FNDA:0,(anonymous_0)
FNDA:0,(anonymous_1)
DA:1,0
DA:2,0
DA:3,0
DA:5,0
DA:8,0
DA:9,0
DA:14,0
LF:7
LH:0
BRF:0
BRH:0
end_of_record
TN:
SF:src/app.controller.ts
FN:11,(anonymous_2)
FN:13,(anonymous_3)
FNF:2
FNH:0
FNDA:0,(anonymous_2)
FNDA:0,(anonymous_3)
DA:1,0
DA:3,0
DA:4,0
DA:6,0
DA:9,0
DA:11,0
DA:12,0
DA:13,0
DA:14,0
DA:15,0
DA:17,0
LF:11
LH:0
BRDA:14,0,0,0
BRF:1
BRH:0
end_of_record
TN:
SF:src/app.module.ts
FNF:0
FNH:0
DA:1,0
DA:2,0
DA:3,0
DA:4,0
DA:5,0
DA:6,0
DA:7,0
DA:8,0
DA:9,0
DA:10,0
DA:11,0
DA:18,0
LF:12
LH:0
BRF:0
BRH:0
end_of_record
TN:
SF:src/app.service.ts
FN:5,(anonymous_1)
FNF:1
FNH:0
FNDA:0,(anonymous_1)
DA:1,0
DA:4,0
DA:6,0
LF:3
LH:0
BRF:0
BRH:0
end_of_record
TN:
SF:src/main.ts
FN:6,bootstrap
FNF:1
FNH:0
FNDA:0,bootstrap
DA:1,0
DA:2,0
DA:3,0
DA:4,0
DA:7,0
DA:8,0
DA:9,0
DA:10,0
DA:12,0
DA:19,0
DA:20,0
DA:22,0
DA:24,0
LF:13
LH:0
BRF:0
BRH:0
end_of_record
TN:
SF:src/auth/auth.controller.specc.ts
FN:5,(anonymous_0)
FN:8,(anonymous_1)
FN:17,(anonymous_2)
FNF:3
FNH:0
FNDA:0,(anonymous_0)
FNDA:0,(anonymous_1)
FNDA:0,(anonymous_2)
DA:1,0
DA:2,0
DA:3,0
DA:5,0
DA:8,0
DA:9,0
DA:14,0
DA:17,0
DA:18,0
LF:9
LH:0
BRF:0
BRH:0
end_of_record
TN:
SF:src/auth/auth.controller.ts
FN:10,(anonymous_4)
FN:14,(anonymous_5)
FNF:2
FNH:0
FNDA:0,(anonymous_4)
FNDA:0,(anonymous_5)
DA:1,0
DA:2,0
DA:3,0
DA:4,0
DA:5,0
DA:9,0
DA:10,0
DA:12,0
DA:15,0
LF:9
LH:0
BRF:0
BRH:0
end_of_record
TN:
SF:src/auth/auth.module.ts
FNF:0
FNH:0
DA:1,0
DA:2,0
DA:3,0
DA:4,0
DA:5,0
DA:6,0
DA:7,0
DA:8,0
DA:9,0
DA:10,0
DA:11,0
DA:29,0
LF:12
LH:0
BRF:0
BRH:0
end_of_record
TN:
SF:src/auth/auth.service.specc.ts
FN:4,(anonymous_0)
FN:7,(anonymous_1)
FN:15,(anonymous_2)
FNF:3
FNH:0
FNDA:0,(anonymous_0)
FNDA:0,(anonymous_1)
FNDA:0,(anonymous_2)
DA:1,0
DA:2,0
DA:4,0
DA:7,0
DA:8,0
DA:12,0
DA:15,0
DA:16,0
LF:8
LH:0
BRF:0
BRH:0
end_of_record
TN:
SF:src/auth/auth.service.ts
FN:22,(anonymous_3)
FNF:1
FNH:0
FNDA:0,(anonymous_3)
DA:1,0
DA:6,0
DA:9,0
DA:10,0
DA:11,0
DA:14,0
DA:16,0
DA:17,0
DA:18,0
DA:24,0
DA:27,0
DA:28,0
DA:32,0
DA:35,0
DA:36,0
DA:40,0
LF:16
LH:0
BRDA:27,0,0,0
BRDA:35,1,0,0
BRF:2
BRH:0
end_of_record
TN:
SF:src/auth/jwt-auth.guard.ts
FNF:0
FNH:0
DA:1,0
DA:2,0
DA:5,0
LF:3
LH:0
BRF:0
BRH:0
end_of_record
TN:
SF:src/auth/jwt.strategy.ts
FN:10,(anonymous_2)
FN:17,(anonymous_3)
FNF:2
FNH:0
FNDA:0,(anonymous_2)
FNDA:0,(anonymous_3)
DA:1,0
DA:2,0
DA:3,0
DA:4,0
DA:5,0
DA:9,0
DA:10,0
DA:11,0
DA:18,0
DA:19,0
DA:20,0
DA:22,0
LF:12
LH:0
BRDA:19,0,0,0
BRF:1
BRH:0
end_of_record
TN:
SF:src/auth/dto/login.dto.ts
FNF:0
FNH:0
DA:1,0
DA:2,0
DA:4,0
DA:5,0
DA:10,0
LF:5
LH:0
BRF:0
BRH:0
end_of_record
TN:
SF:src/auth/entity/auth.entity.ts
FNF:0
FNH:0
DA:1,0
DA:3,0
DA:4,0
DA:7,0
LF:4
LH:0
BRF:0
BRH:0
end_of_record
TN:
SF:src/jwt-access/jwt-access.module.ts
FNF:0
FNH:0
DA:1,0
DA:2,0
DA:3,0
DA:4,0
DA:14,0
LF:5
LH:0
BRF:0
BRH:0
end_of_record
TN:
SF:src/jwt-access/jwt-access.service.specc.ts
FN:4,(anonymous_0)
FN:7,(anonymous_1)
FN:15,(anonymous_2)
FNF:3
FNH:0
FNDA:0,(anonymous_0)
FNDA:0,(anonymous_1)
FNDA:0,(anonymous_2)
DA:1,0
DA:2,0
DA:4,0
DA:7,0
DA:8,0
DA:12,0
DA:15,0
DA:16,0
LF:8
LH:0
BRF:0
BRH:0
end_of_record
TN:
SF:src/jwt-access/jwt-access.service.ts
FN:6,(anonymous_2)
FN:7,(anonymous_3)
FNF:2
FNH:0
FNDA:0,(anonymous_2)
FNDA:0,(anonymous_3)
DA:1,0
DA:2,0
DA:5,0
DA:6,0
DA:8,0
LF:5
LH:0
BRF:0
BRH:0
end_of_record
TN:
SF:src/jwt-refresh/jwt-refresh.controller.specc.ts
FN:4,(anonymous_0)
FN:7,(anonymous_1)
FN:15,(anonymous_2)
FNF:3
FNH:0
FNDA:0,(anonymous_0)
FNDA:0,(anonymous_1)
FNDA:0,(anonymous_2)
DA:1,0
DA:2,0
DA:4,0
DA:7,0
DA:8,0
DA:12,0
DA:15,0
DA:16,0
LF:8
LH:0
BRF:0
BRH:0
end_of_record
TN:
SF:src/jwt-refresh/jwt-refresh.controller.ts
FN:10,(anonymous_4)
FN:14,(anonymous_5)
FNF:2
FNH:0
FNDA:0,(anonymous_4)
FNDA:0,(anonymous_5)
DA:1,0
DA:2,0
DA:3,0
DA:4,0
DA:5,0
DA:9,0
DA:10,0
DA:14,0
DA:15,0
LF:9
LH:0
BRF:0
BRH:0
end_of_record
TN:
SF:src/jwt-refresh/jwt-refresh.module.ts
FNF:0
FNH:0
DA:1,0
DA:2,0
DA:3,0
DA:4,0
DA:5,0
DA:6,0
DA:7,0
DA:8,0
DA:23,0
LF:9
LH:0
BRF:0
BRH:0
end_of_record
TN:
SF:src/jwt-refresh/jwt-refresh.service.specc.ts
FN:4,(anonymous_0)
FN:7,(anonymous_1)
FN:15,(anonymous_2)
FNF:3
FNH:0
FNDA:0,(anonymous_0)
FNDA:0,(anonymous_1)
FNDA:0,(anonymous_2)
DA:1,0
DA:2,0
DA:4,0
DA:7,0
DA:8,0
DA:12,0
DA:15,0
DA:16,0
LF:8
LH:0
BRF:0
BRH:0
end_of_record
TN:
SF:src/jwt-refresh/jwt-refresh.service.ts
FN:10,(anonymous_2)
FN:16,(anonymous_3)
FN:24,(anonymous_4)
FN:37,(anonymous_5)
FN:49,(anonymous_6)
FNF:5
FNH:0
FNDA:0,(anonymous_2)
FNDA:0,(anonymous_3)
FNDA:0,(anonymous_4)
FNDA:0,(anonymous_5)
FNDA:0,(anonymous_6)
DA:1,0
DA:2,0
DA:3,0
DA:4,0
DA:5,0
DA:6,0
DA:9,0
DA:11,0
DA:12,0
DA:13,0
DA:17,0
DA:25,0
DA:26,0
DA:27,0
DA:34,0
DA:38,0
DA:50,0
DA:51,0
DA:53,0
DA:55,0
DA:56,0
DA:57,0
DA:59,0
DA:60,0
DA:62,0
DA:63,0
DA:64,0
LF:27
LH:0
BRDA:56,0,0,0
BRDA:59,1,0,0
BRF:2
BRH:0
end_of_record
TN:
SF:src/jwt-refresh/dto/refresh-token.dto.ts
FNF:0
FNH:0
DA:1,0
DA:2,0
DA:4,0
DA:5,0
LF:4
LH:0
BRF:0
BRH:0
end_of_record
TN:
SF:src/jwt-refresh/entity/refresh-token.entity.ts
FN:7,(anonymous_3)
FNF:1
FNH:0
FNDA:0,(anonymous_3)
DA:3,0
DA:4,0
DA:6,0
DA:7,0
DA:8,0
DA:11,0
DA:14,0
DA:17,0
DA:20,0
DA:23,0
LF:10
LH:0
BRF:0
BRH:0
end_of_record
TN:
SF:src/prisma/prisma.module.ts
FNF:0
FNH:0
DA:1,0
DA:2,0
DA:8,0
LF:3
LH:0
BRF:0
BRH:0
end_of_record
TN:
SF:src/prisma/prisma.service.specc.ts
FN:4,(anonymous_0)
FN:7,(anonymous_1)
FN:15,(anonymous_2)
FNF:3
FNH:0
FNDA:0,(anonymous_0)
FNDA:0,(anonymous_1)
FNDA:0,(anonymous_2)
DA:1,0
DA:2,0
DA:4,0
DA:7,0
DA:8,0
DA:12,0
DA:15,0
DA:16,0
LF:8
LH:0
BRF:0
BRH:0
end_of_record
TN:
SF:src/prisma/prisma.service.ts
FN:6,(anonymous_2)
FN:17,(anonymous_3)
FN:18,(anonymous_4)
FNF:3
FNH:1
FNDA:1,(anonymous_2)
FNDA:0,(anonymous_3)
FNDA:0,(anonymous_4)
DA:1,1
DA:2,1
DA:5,1
DA:7,1
DA:8,0
DA:12,1
DA:18,0
DA:19,0
LF:8
LH:5
BRDA:7,0,0,0
BRDA:7,0,1,1
BRF:2
BRH:1
end_of_record
TN:
SF:src/project/project.controller.specc.ts
FN:5,(anonymous_0)
FN:8,(anonymous_1)
FN:17,(anonymous_2)
FNF:3
FNH:0
FNDA:0,(anonymous_0)
FNDA:0,(anonymous_1)
FNDA:0,(anonymous_2)
DA:1,0
DA:2,0
DA:3,0
DA:5,0
DA:8,0
DA:9,0
DA:14,0
DA:17,0
DA:18,0
LF:9
LH:0
BRF:0
BRH:0
end_of_record
TN:
SF:src/project/project.controller.ts
FN:24,(anonymous_4)
FN:30,(anonymous_5)
FN:38,(anonymous_6)
FN:47,(anonymous_7)
FN:60,(anonymous_8)
FN:69,(anonymous_9)
FNF:6
FNH:0
FNDA:0,(anonymous_4)
FNDA:0,(anonymous_5)
FNDA:0,(anonymous_6)
FNDA:0,(anonymous_7)
FNDA:0,(anonymous_8)
FNDA:0,(anonymous_9)
DA:1,0
DA:14,0
DA:15,0
DA:16,0
DA:17,0
DA:18,0
DA:19,0
DA:23,0
DA:24,0
DA:30,0
DA:31,0
DA:38,0
DA:39,0
DA:47,0
DA:48,0
DA:49,0
DA:50,0
DA:52,0
DA:60,0
DA:61,0
DA:69,0
DA:70,0
LF:22
LH:0
BRDA:49,0,0,0
BRF:1
BRH:0
end_of_record
TN:
SF:src/project/project.module.ts
FNF:0
FNH:0
DA:1,0
DA:2,0
DA:3,0
DA:4,0
DA:11,0
LF:5
LH:0
BRF:0
BRH:0
end_of_record
TN:
SF:src/project/project.service.specc.ts
FN:4,(anonymous_0)
FN:7,(anonymous_1)
FN:15,(anonymous_2)
FNF:3
FNH:0
FNDA:0,(anonymous_0)
FNDA:0,(anonymous_1)
FNDA:0,(anonymous_2)
DA:1,0
DA:2,0
DA:4,0
DA:7,0
DA:8,0
DA:12,0
DA:15,0
DA:16,0
LF:8
LH:0
BRF:0
BRH:0
end_of_record
TN:
SF:src/project/project.service.ts
FN:9,(anonymous_2)
FN:10,(anonymous_3)
FN:19,(anonymous_4)
FN:23,(anonymous_5)
FN:32,(anonymous_6)
FN:40,(anonymous_7)
FNF:6
FNH:0
FNDA:0,(anonymous_2)
FNDA:0,(anonymous_3)
FNDA:0,(anonymous_4)
FNDA:0,(anonymous_5)
FNDA:0,(anonymous_6)
FNDA:0,(anonymous_7)
DA:1,0
DA:4,0
DA:8,0
DA:9,0
DA:11,0
DA:20,0
DA:24,0
DA:33,0
DA:34,0
DA:35,0
DA:37,0
DA:41,0
DA:45,0
DA:46,0
DA:48,0
LF:15
LH:0
BRDA:34,0,0,0
BRDA:45,1,0,0
BRF:2
BRH:0
end_of_record
TN:
SF:src/project/dto/create-project.dto.ts
FNF:0
FNH:0
DA:1,0
DA:2,0
DA:4,0
DA:5,0
LF:4
LH:0
BRF:0
BRH:0
end_of_record
TN:
SF:src/project/dto/update-project.dto.ts
FNF:0
FNH:0
DA:1,0
DA:2,0
DA:4,0
LF:3
LH:0
BRF:0
BRH:0
end_of_record
TN:
SF:src/project/entities/project.entity.ts
FN:7,(anonymous_2)
FN:11,(anonymous_3)
FN:13,(anonymous_4)
FNF:3
FNH:0
FNDA:0,(anonymous_2)
FNDA:0,(anonymous_3)
FNDA:0,(anonymous_4)
DA:1,0
DA:3,0
DA:6,0
DA:8,0
DA:12,0
DA:13,0
DA:14,0
DA:16,0
DA:19,0
DA:22,0
DA:25,0
LF:11
LH:0
BRF:0
BRH:0
end_of_record
TN:
SF:src/service/service.controller.specc.ts
FN:5,(anonymous_0)
FN:8,(anonymous_1)
FN:17,(anonymous_2)
FNF:3
FNH:0
FNDA:0,(anonymous_0)
FNDA:0,(anonymous_1)
FNDA:0,(anonymous_2)
DA:1,0
DA:2,0
DA:3,0
DA:5,0
DA:8,0
DA:9,0
DA:14,0
DA:17,0
DA:18,0
LF:9
LH:0
BRF:0
BRH:0
end_of_record
TN:
SF:src/service/service.controller.ts
FN:14,(anonymous_4)
FN:21,(anonymous_5)
FN:30,(anonymous_6)
FN:40,(anonymous_7)
FN:50,(anonymous_8)
FN:60,(anonymous_9)
FNF:6
FNH:0
FNDA:0,(anonymous_4)
FNDA:0,(anonymous_5)
FNDA:0,(anonymous_6)
FNDA:0,(anonymous_7)
FNDA:0,(anonymous_8)
FNDA:0,(anonymous_9)
DA:1,0
DA:2,0
DA:3,0
DA:4,0
DA:5,0
DA:6,0
DA:7,0
DA:9,0
DA:13,0
DA:14,0
DA:21,0
DA:22,0
DA:30,0
DA:31,0
DA:40,0
DA:41,0
DA:50,0
DA:51,0
DA:60,0
DA:61,0
LF:20
LH:0
BRF:0
BRH:0
end_of_record
TN:
SF:src/service/service.module.ts
FNF:0
FNH:0
DA:1,0
DA:2,0
DA:3,0
DA:4,0
DA:5,0
DA:6,0
DA:14,0
LF:7
LH:0
BRF:0
BRH:0
end_of_record
TN:
SF:src/service/service.service.specc.ts
FN:4,(anonymous_0)
FN:7,(anonymous_1)
FN:15,(anonymous_2)
FNF:3
FNH:0
FNDA:0,(anonymous_0)
FNDA:0,(anonymous_1)
FNDA:0,(anonymous_2)
DA:1,0
DA:2,0
DA:4,0
DA:7,0
DA:8,0
DA:12,0
DA:15,0
DA:16,0
LF:8
LH:0
BRF:0
BRH:0
end_of_record
TN:
SF:src/service/service.service.ts
FN:10,(anonymous_2)
FN:11,(anonymous_3)
FN:19,(anonymous_4)
FN:32,(anonymous_5)
FN:43,(anonymous_6)
FN:59,(anonymous_7)
FNF:6
FNH:0
FNDA:0,(anonymous_2)
FNDA:0,(anonymous_3)
FNDA:0,(anonymous_4)
FNDA:0,(anonymous_5)
FNDA:0,(anonymous_6)
FNDA:0,(anonymous_7)
DA:1,0
DA:4,0
DA:5,0
DA:8,0
DA:10,0
DA:12,0
DA:13,0
DA:15,0
DA:16,0
DA:20,0
DA:26,0
DA:27,0
DA:29,0
DA:33,0
DA:34,0
DA:36,0
DA:37,0
DA:38,0
DA:40,0
DA:44,0
DA:45,0
DA:47,0
DA:53,0
DA:54,0
DA:56,0
DA:60,0
DA:61,0
DA:63,0
DA:69,0
DA:70,0
DA:72,0
LF:31
LH:0
BRDA:12,0,0,0
BRDA:26,1,0,0
BRDA:33,2,0,0
BRDA:37,3,0,0
BRDA:44,4,0,0
BRDA:53,5,0,0
BRDA:60,6,0,0
BRDA:69,7,0,0
BRF:8
BRH:0
end_of_record
TN:
SF:src/service/dto/create-service.dto.ts
FNF:0
FNH:0
DA:1,0
DA:2,0
DA:5,0
DA:6,0
DA:11,0
LF:5
LH:0
BRF:0
BRH:0
end_of_record
TN:
SF:src/service/dto/update-service.dto.ts
FNF:0
FNH:0
DA:1,0
DA:2,0
DA:4,0
LF:3
LH:0
BRF:0
BRH:0
end_of_record
TN:
SF:src/service/entities/service-preview.entity.ts
FN:8,(anonymous_2)
FN:12,(anonymous_3)
FN:14,(anonymous_4)
FNF:3
FNH:0
FNDA:0,(anonymous_2)
FNDA:0,(anonymous_3)
FNDA:0,(anonymous_4)
DA:1,0
DA:2,0
DA:3,0
DA:5,0
DA:7,0
DA:9,0
DA:13,0
DA:14,0
DA:15,0
DA:17,0
DA:20,0
DA:23,0
DA:26,0
DA:29,0
DA:32,0
DA:35,0
DA:38,0
DA:41,0
DA:44,0
DA:47,0
DA:50,0
LF:21
LH:0
BRF:0
BRH:0
end_of_record
TN:
SF:src/service/entities/service.entity.ts
FN:8,(anonymous_2)
FNF:1
FNH:0
FNDA:0,(anonymous_2)
DA:1,0
DA:2,0
DA:3,0
DA:5,0
DA:7,0
DA:9,0
DA:12,0
DA:15,0
DA:18,0
DA:21,0
DA:24,0
DA:27,0
DA:30,0
DA:33,0
DA:36,0
DA:39,0
DA:42,0
LF:17
LH:0
BRF:0
BRH:0
end_of_record
TN:
SF:src/user/user.controller.specc.ts
FN:5,(anonymous_0)
FN:8,(anonymous_1)
FN:17,(anonymous_2)
FNF:3
FNH:0
FNDA:0,(anonymous_0)
FNDA:0,(anonymous_1)
FNDA:0,(anonymous_2)
DA:1,0
DA:2,0
DA:3,0
DA:5,0
DA:8,0
DA:9,0
DA:14,0
DA:17,0
DA:18,0
LF:9
LH:0
BRF:0
BRH:0
end_of_record
TN:
SF:src/user/user.controller.ts
FN:13,(anonymous_4)
FN:17,(anonymous_5)
FN:25,(anonymous_6)
FN:33,(anonymous_7)
FN:41,(anonymous_8)
FNF:5
FNH:0
FNDA:0,(anonymous_4)
FNDA:0,(anonymous_5)
FNDA:0,(anonymous_6)
FNDA:0,(anonymous_7)
FNDA:0,(anonymous_8)
DA:1,0
DA:2,0
DA:3,0
DA:4,0
DA:5,0
DA:6,0
DA:7,0
DA:12,0
DA:13,0
DA:17,0
DA:18,0
DA:25,0
DA:26,0
DA:33,0
DA:34,0
DA:41,0
DA:42,0
LF:17
LH:0
BRF:0
BRH:0
end_of_record
TN:
SF:src/user/user.module.ts
FNF:0
FNH:0
DA:1,0
DA:2,0
DA:3,0
DA:4,0
DA:12,0
LF:5
LH:0
BRF:0
BRH:0
end_of_record
TN:
SF:src/user/user.service.ts
FN:10,(anonymous_2)
FN:11,(anonymous_3)
FN:16,(anonymous_4)
FN:20,(anonymous_5)
FN:27,(anonymous_6)
FNF:5
FNH:1
FNDA:1,(anonymous_2)
FNDA:0,(anonymous_3)
FNDA:0,(anonymous_4)
FNDA:0,(anonymous_5)
FNDA:0,(anonymous_6)
DA:1,1
DA:4,1
DA:5,1
DA:8,1
DA:10,1
DA:12,0
DA:13,0
DA:17,0
DA:21,0
DA:22,0
DA:24,0
DA:28,0
DA:29,0
LF:13
LH:5
BRDA:21,0,0,0
BRF:1
BRH:0
end_of_record
TN:
SF:src/user/dto/create-user.dto.ts
FNF:0
FNH:0
DA:1,0
DA:2,0
DA:4,0
DA:5,0
DA:10,0
LF:5
LH:0
BRF:0
BRH:0
end_of_record
TN:
SF:src/user/dto/update-user.dto.ts
FNF:0
FNH:0
DA:1,0
DA:3,0
DA:5,0
DA:6,0
LF:4
LH:0
BRF:0
BRH:0
end_of_record
TN:
SF:src/user/entities/user.entity.ts
FN:6,(anonymous_2)
FNF:1
FNH:0
FNDA:0,(anonymous_2)
DA:1,0
DA:2,0
DA:3,0
DA:5,0
DA:7,0
DA:10,0
DA:13,0
DA:16,0
DA:19,0
DA:22,0
LF:10
LH:0
BRF:0
BRH:0
end_of_record
